<?xml version="1.0" encoding="UTF-8"?>
<!-- Generated by org.testng.reporters.JUnitReportReporter -->
<testsuite hostname="DESKTOP-IQHFPFD" name="primusbank.tests.BankerLoginTest" tests="1" failures="0" timestamp="22 Mar 2021 16:58:38 GMT" time="1.067" errors="0">
  <testcase name="checkBankerLogin" time="1.067" classname="primusbank.tests.BankerLoginTest"/>
</testsuite> <!-- primusbank.tests.BankerLoginTest -->
